<?xml version="1.0" encoding="UTF-8"?>
<!-- Generated by org.testng.reporters.JUnitReportReporter -->
<testsuite hostname="USER-20180727TO" failures="0" tests="1" name="controler.goumai" time="559.338" errors="0" timestamp="2019-12-25T15:21:25 CST" skipped="0">
  <testcase classname="controler.goumai" name="mai" time="559.338"/>
</testsuite> <!-- controler.goumai -->
